<?xml version="1.0" encoding="UTF-8"?>
<!-- Generated by org.testng.reporters.JUnitXMLReporter -->
<testsuite ignored="0" hostname="welcome-PC" failures="0" tests="1" name="Default test" time="7.174" errors="0" timestamp="2020-04-19T22:07:55 IST">
  <testcase classname="test1.GoogleHomePageTest" name="@BeforeClass testSetUp" time="7.077">
    <failure type="org.openqa.selenium.SessionNotCreatedException" message="session not created: This version of ChromeDriver only supports Chrome version 83
Build info: version: &amp;apos;3.12.0&amp;apos;, revision: &amp;apos;7c6e0b3&amp;apos;, time: &amp;apos;2018-05-08T14:04:26.12Z&amp;apos;
System info: host: &amp;apos;WELCOME-PC&amp;apos;, ip: &amp;apos;192.168.43.210&amp;apos;, os.name: &amp;apos;Windows 7&amp;apos;, os.arch: &amp;apos;amd64&amp;apos;, os.version: &amp;apos;6.1&amp;apos;, java.version: &amp;apos;9.0.4&amp;apos;
Driver info: driver.version: ChromeDriver
remote stacktrace: Backtrace:
	Ordinal0 [0x01649443+2724931]
	Ordinal0 [0x01548421+1672225]
	Ordinal0 [0x01430339+525113]
	Ordinal0 [0x013C0B77+68471]
	Ordinal0 [0x013BD32C+54060]
	Ordinal0 [0x013DCC37+183351]
	Ordinal0 [0x013DCA3D+182845]
	Ordinal0 [0x013DA94B+174411]
	Ordinal0 [0x013C2528+75048]
	Ordinal0 [0x013C35A0+79264]
	Ordinal0 [0x013C3539+79161]
	Ordinal0 [0x0155D4D7+1758423]
	GetHandleVerifier [0x01765D96+1050070]
	GetHandleVerifier [0x01765AE1+1049377]
	GetHandleVerifier [0x01770927+1093991]
	GetHandleVerifier [0x01766396+1051606]
	Ordinal0 [0x015559D6+1726934]
	Ordinal0 [0x0155EA4B+1763915]
	Ordinal0 [0x0155EBB3+1764275]
	Ordinal0 [0x01574AD5+1854165]
	BaseThreadInitThunk [0x75D8336A+18]
	RtlInitializeExceptionChain [0x77CC9902+99]
	RtlInitializeExceptionChain [0x77CC98D5+54]
">
      <![CDATA[org.openqa.selenium.SessionNotCreatedException: session not created: This version of ChromeDriver only supports Chrome version 83
Build info: version: '3.12.0', revision: '7c6e0b3', time: '2018-05-08T14:04:26.12Z'
System info: host: 'WELCOME-PC', ip: '192.168.43.210', os.name: 'Windows 7', os.arch: 'amd64', os.version: '6.1', java.version: '9.0.4'
Driver info: driver.version: ChromeDriver
remote stacktrace: Backtrace:
Ordinal0 [0x01649443+2724931]
Ordinal0 [0x01548421+1672225]
Ordinal0 [0x01430339+525113]
Ordinal0 [0x013C0B77+68471]
Ordinal0 [0x013BD32C+54060]
Ordinal0 [0x013DCC37+183351]
Ordinal0 [0x013DCA3D+182845]
Ordinal0 [0x013DA94B+174411]
Ordinal0 [0x013C2528+75048]
Ordinal0 [0x013C35A0+79264]
Ordinal0 [0x013C3539+79161]
Ordinal0 [0x0155D4D7+1758423]
GetHandleVerifier [0x01765D96+1050070]
GetHandleVerifier [0x01765AE1+1049377]
GetHandleVerifier [0x01770927+1093991]
GetHandleVerifier [0x01766396+1051606]
Ordinal0 [0x015559D6+1726934]
Ordinal0 [0x0155EA4B+1763915]
Ordinal0 [0x0155EBB3+1764275]
Ordinal0 [0x01574AD5+1854165]
BaseThreadInitThunk [0x75D8336A+18]
RtlInitializeExceptionChain [0x77CC9902+99]
RtlInitializeExceptionChain [0x77CC98D5+54]

at java.base/jdk.internal.reflect.NativeConstructorAccessorImpl.newInstance0(Native Method)
at java.base/jdk.internal.reflect.NativeConstructorAccessorImpl.newInstance(Unknown Source)
at java.base/jdk.internal.reflect.DelegatingConstructorAccessorImpl.newInstance(Unknown Source)
at java.base/java.lang.reflect.Constructor.newInstance(Unknown Source)
at org.openqa.selenium.remote.W3CHandshakeResponse.lambda$new$0(W3CHandshakeResponse.java:57)
at org.openqa.selenium.remote.W3CHandshakeResponse.lambda$getResponseFunction$2(W3CHandshakeResponse.java:104)
at org.openqa.selenium.remote.ProtocolHandshake.lambda$createSession$0(ProtocolHandshake.java:123)
at java.base/java.util.stream.ReferencePipeline$3$1.accept(Unknown Source)
at java.base/java.util.Spliterators$ArraySpliterator.tryAdvance(Unknown Source)
at java.base/java.util.stream.ReferencePipeline.forEachWithCancel(Unknown Source)
at java.base/java.util.stream.AbstractPipeline.copyIntoWithCancel(Unknown Source)
at java.base/java.util.stream.AbstractPipeline.copyInto(Unknown Source)
at java.base/java.util.stream.AbstractPipeline.wrapAndCopyInto(Unknown Source)
at java.base/java.util.stream.FindOps$FindOp.evaluateSequential(Unknown Source)
at java.base/java.util.stream.AbstractPipeline.evaluate(Unknown Source)
at java.base/java.util.stream.ReferencePipeline.findFirst(Unknown Source)
at org.openqa.selenium.remote.ProtocolHandshake.createSession(ProtocolHandshake.java:126)
at org.openqa.selenium.remote.ProtocolHandshake.createSession(ProtocolHandshake.java:73)
at org.openqa.selenium.remote.HttpCommandExecutor.execute(HttpCommandExecutor.java:136)
at org.openqa.selenium.remote.service.DriverCommandExecutor.execute(DriverCommandExecutor.java:83)
at org.openqa.selenium.remote.RemoteWebDriver.execute(RemoteWebDriver.java:543)
at org.openqa.selenium.remote.RemoteWebDriver.startSession(RemoteWebDriver.java:207)
at org.openqa.selenium.remote.RemoteWebDriver.<init>(RemoteWebDriver.java:130)
at org.openqa.selenium.chrome.ChromeDriver.<init>(ChromeDriver.java:181)
at org.openqa.selenium.chrome.ChromeDriver.<init>(ChromeDriver.java:168)
at org.openqa.selenium.chrome.ChromeDriver.<init>(ChromeDriver.java:123)
at test1.GoogleHomePageTest.testSetUp(GoogleHomePageTest.java:19)
at java.base/jdk.internal.reflect.NativeMethodAccessorImpl.invoke0(Native Method)
at java.base/jdk.internal.reflect.NativeMethodAccessorImpl.invoke(Unknown Source)
at java.base/jdk.internal.reflect.DelegatingMethodAccessorImpl.invoke(Unknown Source)
at java.base/java.lang.reflect.Method.invoke(Unknown Source)
at org.testng.internal.MethodInvocationHelper.invokeMethod(MethodInvocationHelper.java:134)
at org.testng.internal.MethodInvocationHelper.invokeMethodConsideringTimeout(MethodInvocationHelper.java:63)
at org.testng.internal.ConfigInvoker.invokeConfigurationMethod(ConfigInvoker.java:348)
at org.testng.internal.ConfigInvoker.invokeConfigurations(ConfigInvoker.java:302)
at org.testng.internal.TestMethodWorker.invokeBeforeClassMethods(TestMethodWorker.java:176)
at org.testng.internal.TestMethodWorker.run(TestMethodWorker.java:122)
at java.base/java.util.ArrayList.forEach(Unknown Source)
at org.testng.TestRunner.privateRun(TestRunner.java:766)
at org.testng.TestRunner.run(TestRunner.java:587)
at org.testng.SuiteRunner.runTest(SuiteRunner.java:384)
at org.testng.SuiteRunner.runSequentially(SuiteRunner.java:378)
at org.testng.SuiteRunner.privateRun(SuiteRunner.java:337)
at org.testng.SuiteRunner.run(SuiteRunner.java:286)
at org.testng.SuiteRunnerWorker.runSuite(SuiteRunnerWorker.java:53)
at org.testng.SuiteRunnerWorker.run(SuiteRunnerWorker.java:96)
at org.testng.TestNG.runSuitesSequentially(TestNG.java:1187)
at org.testng.TestNG.runSuitesLocally(TestNG.java:1109)
at org.testng.TestNG.runSuites(TestNG.java:1039)
at org.testng.TestNG.run(TestNG.java:1007)
at org.testng.remote.AbstractRemoteTestNG.run(AbstractRemoteTestNG.java:115)
at org.testng.remote.RemoteTestNG.initAndRun(RemoteTestNG.java:251)
at org.testng.remote.RemoteTestNG.main(RemoteTestNG.java:77)
]]>
    </failure>
  </testcase> <!-- @BeforeClass testSetUp -->
  <testcase classname="test1.GoogleHomePageTest" name="@AfterClass tearDown" time="-1.587314275115E9">
    <skipped/>
  </testcase> <!-- @AfterClass tearDown -->
  <testcase classname="test1.GoogleHomePageTest" name="verifyGooglePageTittle" time="0.0">
    <skipped/>
  </testcase> <!-- verifyGooglePageTittle -->
</testsuite> <!-- Default test -->
